
ROM used:   55/2048 (3%)
            55/2048 (3%) including unused fragments

            0.1 Average locations per line
            5.0 Average locations per statement

RAM used:   6/224 (3%) at main() level
            7/224 (3%) worst case

Stack used: 1 worst case (1 in main + 0 for interrupts)
Stack size: 8

Lines Stmts  %   Files
----- ----- ---  -----
   19    11 100  main.c
  518     0   0  ..\..\..\..\..\..\Program Files\PICC\Devices\16f628a.h
----- -----
  537    11 Total

Page ROM  %  RAM   Vol Diff  Functions:
---- --- --- ---   --- ----  ----------
0     21  38    1             @delay_ms1
0     30  55    1   202  3.6  main
 Inline         0             @cinit1

Program metrics:
    Functions               1
    Statements              11
    Comments                101
    Volume (V)              206
    Difficulty (D)          3.3
    Effort to implement (E) 674
    Time to implement (T)   1 minutes
    Est Delivered Bugs (B)  0
    Cyclomatic Complexity   1
    Maintainability (MI)    111

 Segment     Used  Free
-----------  ----  ----
00000-00003     4  0  
00004-007FF    51  1993  



