CCS PCM C Compiler, Version 5.015, 5967               07-Haz-18 22:00

               Filename:   D:\Google Drive\Workspace\CCS-C\quiz\q1\Source\main.lst

               ROM used:   55 words (3%)
                           Largest free fragment is 1993
               RAM used:   6 (3%) at main() level
                           7 (3%) worst case
               Stack used: 1 locations
               Stack size: 8

*
0000:  MOVLW  00
0001:  MOVWF  0A
0002:  GOTO   019
0003:  NOP
.................... #include <16f628a.h> 
.................... //////////// Standard Header file for the PIC16F628A device //////////////// 
.................... /////////////////////////////////////////////////////////////////////////// 
.................... ////        (C) Copyright 1996, 2013 Custom Computer Services          //// 
.................... //// This source code may only be used by licensed users of the CCS C  //// 
.................... //// compiler.  This source code may only be distributed to other      //// 
.................... //// licensed users of the CCS C compiler.  No other use, reproduction //// 
.................... //// or distribution is permitted without written permission.          //// 
.................... //// Derivative programs created using this software in object code    //// 
.................... //// form are not restricted in any way.                               //// 
.................... /////////////////////////////////////////////////////////////////////////// 
.................... #device PIC16F628A 
....................  
.................... #list 
....................  
.................... #fuses XT, NOWDT, NOLVP, NOPROTECT 
.................... #use delay(clock = 4M) 
0004:  MOVLW  22
0005:  MOVWF  04
0006:  BCF    03.7
0007:  MOVF   00,W
0008:  BTFSC  03.2
0009:  GOTO   018
000A:  MOVLW  01
000B:  MOVWF  78
000C:  CLRF   77
000D:  DECFSZ 77,F
000E:  GOTO   00D
000F:  DECFSZ 78,F
0010:  GOTO   00C
0011:  MOVLW  4A
0012:  MOVWF  77
0013:  DECFSZ 77,F
0014:  GOTO   013
0015:  GOTO   016
0016:  DECFSZ 00,F
0017:  GOTO   00A
0018:  GOTO   035 (RETURN)
....................  
.................... void main() { 
0019:  MOVF   03,W
001A:  ANDLW  1F
001B:  MOVWF  03
001C:  MOVLW  07
001D:  MOVWF  1F
001E:  BCF    03.7
....................    byte k; 
....................    set_tris_b(0x00); 
001F:  MOVLW  00
0020:  BSF    03.5
0021:  MOVWF  06
....................    k = 0; 
0022:  BCF    03.5
0023:  CLRF   21
....................    while(1) { 
....................        output_b(k); 
0024:  BSF    03.5
0025:  CLRF   06
0026:  BCF    03.5
0027:  MOVF   21,W
0028:  MOVWF  06
....................        k++; 
0029:  INCF   21,F
....................        if(k == 255) { 
002A:  INCFSZ 21,W
002B:  GOTO   032
....................            output_b(k); 
002C:  BSF    03.5
002D:  CLRF   06
002E:  BCF    03.5
002F:  MOVF   21,W
0030:  MOVWF  06
....................            k = 0; 
0031:  CLRF   21
....................        } 
....................        delay_ms(100); 
0032:  MOVLW  64
0033:  MOVWF  22
0034:  GOTO   004
0035:  GOTO   024
....................    } 
.................... } 
0036:  SLEEP

Configuration Fuses:
   Word  1: 3F61   NOWDT PUT XT MCLR BROWNOUT NOLVP NOCPD NOPROTECT
