
ROM used:   1239/8192 (15%)
            1239/8192 (15%) including unused fragments

            1.0 Average locations per line
            6.8 Average locations per statement

RAM used:   6/368 (2%) at main() level
            26/368 (7%) worst case

Stack used: 0 worst case (0 in main + 0 for interrupts)
Stack size: 8

Lines Stmts  %   Files
----- ----- ---  -----
  119    97  54  trafik.c
  661     0   0  ..\..\..\..\..\Program Files (x86)\PICC\Devices\16f877a.h
  456    84  46  ..\..\..\..\..\Program Files (x86)\PICC\Drivers\lcd.c
----- -----
 1236   181 Total

Page ROM  %  RAM   Vol Diff  Functions:
---- --- --- ---   --- ----  ----------
0     21   2    1             @delay_ms1
0      8   1    0    59  4.2  @const629
 Inline         3   596  5.9  lcd_read_byte
0      6   0    0    59  4.2  lcd_read_nibble
0     12   1    1   179  3.3  lcd_send_nibble
0     64   5    3   460  4.7  lcd_send_byte
0     51   4    2   667  5.9  lcd_init
0     18   1    4   208  6.3  lcd_gotoxy
0     44   4    1   354  4.7  lcd_putc
0    334  27    1  2230  3.5  MAIN
0     14   1    0  1642  4.8  @const670
0     77   6    4             @PSTRINGC7_647
0    554  45   11  1642  4.8  yoldurum
0     32   3    6             @WRITEBITA
 Inline         0             @cinit1

Program metrics:
    Functions               11
    Statements              181
    Comments                211
    Volume (V)              11884
    Difficulty (D)          48.9
    Effort to implement (E) 581189
    Time to implement (T)   8 hours, 58 minutes
    Est Delivered Bugs (B)  2
    Cyclomatic Complexity   20
    Maintainability (MI)    113

 Segment     Used  Free
-----------  ----  ----
00000-00003     4  0  
00004-007FF  1235  809  
00800-00FFF     0  2048  
01000-017FF     0  2048  
01800-01FFF     0  2048  



