
ROM used:   116/2048 (6%)
            116/2048 (6%) including unused fragments

            0.2 Average locations per line
            5.0 Average locations per statement

RAM used:   5/224 (2%) at main() level
            6/224 (3%) worst case

Stack used: 1 worst case (1 in main + 0 for interrupts)
Stack size: 8

Lines Stmts  %   Files
----- ----- ---  -----
   30    23 100  main.c
  518     0   0  ..\..\..\..\..\..\Program Files\PICC\Devices\16f628a.h
----- -----
  548    23 Total

Page ROM  %  RAM   Vol Diff  Functions:
---- --- --- ---   --- ----  ----------
0     21  18    1             @delay_ms1
0     91  78    0   505  1.9  main
 Inline         0             @cinit1

Program metrics:
    Functions               1
    Statements              23
    Comments                101
    Volume (V)              511
    Difficulty (D)          1.8
    Effort to implement (E) 934
    Time to implement (T)   1 minutes
    Est Delivered Bugs (B)  0
    Cyclomatic Complexity   1
    Maintainability (MI)    94

 Segment     Used  Free
-----------  ----  ----
00000-00003     4  0  
00004-007FF   112  1932  



