
ROM used:   148/8192 (2%)
            148/8192 (2%) including unused fragments

            0.2 Average locations per line
            14.8 Average locations per statement

RAM used:   6/368 (2%) at main() level
            19/368 (5%) worst case

Stack used: 1 worst case (1 in main + 0 for interrupts)
Stack size: 8

Lines Stmts  %   Files
----- ----- ---  -----
   20    10 100  main.c
  671     0   0  ..\..\..\..\Program Files\PICC\Devices\16f877a.h
----- -----
  691    10 Total

Page ROM  %  RAM   Vol Diff  Functions:
---- --- --- ---   --- ----  ----------
0     21  14    1             @delay_ms1
0     91  61    1   380  4.8  main
0     32  22    6             @WRITEBITA
 Inline         0             @cinit1

Program metrics:
    Functions               1
    Statements              10
    Comments                119
    Volume (V)              387
    Difficulty (D)          4.4
    Effort to implement (E) 1718
    Time to implement (T)   2 minutes
    Est Delivered Bugs (B)  0
    Cyclomatic Complexity   1
    Maintainability (MI)    56

 Segment     Used  Free
-----------  ----  ----
00000-00003     4  0  
00004-007FF   144  1900  
00800-00FFF     0  2048  
01000-017FF     0  2048  
01800-01FFF     0  2048  



