
ROM used:   84/8192 (1%)
            84/8192 (1%) including unused fragments

            0.1 Average locations per line
            7.6 Average locations per statement

RAM used:   6/368 (2%) at main() level
            7/368 (2%) worst case

Stack used: 1 worst case (1 in main + 0 for interrupts)
Stack size: 8

Lines Stmts  %   Files
----- ----- ---  -----
   20    11 100  main.c
   10     0   0  main.h
  671     0   0  ..\..\..\..\Program Files\PICC\Devices\16F877A.h
----- -----
  701    11 Total

Page ROM  %  RAM   Vol Diff  Functions:
---- --- --- ---   --- ----  ----------
0     21  25    1   106  1.7  @delay_ms2
0     59  70    1   195  1.8  main
 Inline         0             @cinit1

Program metrics:
    Functions               2
    Statements              11
    Comments                119
    Volume (V)              369
    Difficulty (D)          3.4
    Effort to implement (E) 1265
    Time to implement (T)   1 minutes
    Est Delivered Bugs (B)  0
    Cyclomatic Complexity   1
    Maintainability (MI)    87

 Segment     Used  Free
-----------  ----  ----
00000-00003     4  0  
00004-007FF    80  1964  
00800-00FFF     0  2048  
01000-017FF     0  2048  
01800-01FFF     0  2048  



