CCS PCM C Compiler, Version 5.015, 5967               29-Mar-18 11:59

               Filename:   D:\Google Drive\Workspace\CCS-C\PIC\main.lst

               ROM used:   84 words (1%)
                           Largest free fragment is 2048
               RAM used:   6 (2%) at main() level
                           7 (2%) worst case
               Stack used: 1 locations
               Stack size: 8

*
0000:  MOVLW  00
0001:  MOVWF  0A
0002:  GOTO   019
0003:  NOP
.................... #include <main.h> 
.................... #include <16F877A.h> 
.................... //////////// Standard Header file for the PIC16F877A device //////////////// 
.................... /////////////////////////////////////////////////////////////////////////// 
.................... ////        (C) Copyright 1996, 2013 Custom Computer Services          //// 
.................... //// This source code may only be used by licensed users of the CCS C  //// 
.................... //// compiler.  This source code may only be distributed to other      //// 
.................... //// licensed users of the CCS C compiler.  No other use, reproduction //// 
.................... //// or distribution is permitted without written permission.          //// 
.................... //// Derivative programs created using this software in object code    //// 
.................... //// form are not restricted in any way.                               //// 
.................... /////////////////////////////////////////////////////////////////////////// 
.................... #device PIC16F877A 
....................  
.................... #list 
....................  
.................... #device ADC=16 
....................  
.................... #FUSES NOWDT                    //No Watch Dog Timer 
.................... #FUSES NOBROWNOUT               //No brownout reset 
.................... #FUSES NOLVP                    //No low voltage prgming, B3(PIC16) or B5(PIC18) used for I/O 
....................  
.................... #use delay(crystal=16000000) 
....................  
....................  
.................... #fuses XT,NOWDT,NOPROTECT,NOBROWNOUT,NOLVP,NOPUT,NOWRT,NODEBUG,NOCPD 
.................... #use delay(clock=16M) 
0004:  MOVLW  22
0005:  MOVWF  04
0006:  BCF    03.7
0007:  MOVF   00,W
0008:  BTFSC  03.2
0009:  GOTO   018
000A:  MOVLW  05
000B:  MOVWF  78
000C:  CLRF   77
000D:  DECFSZ 77,F
000E:  GOTO   00D
000F:  DECFSZ 78,F
0010:  GOTO   00C
0011:  MOVLW  2E
0012:  MOVWF  77
0013:  DECFSZ 77,F
0014:  GOTO   013
0015:  GOTO   016
0016:  DECFSZ 00,F
0017:  GOTO   00A
0018:  RETURN
.................... void main() 
0019:  MOVF   03,W
001A:  ANDLW  1F
001B:  MOVWF  03
001C:  BSF    03.5
001D:  BSF    1F.0
001E:  BSF    1F.1
001F:  BSF    1F.2
0020:  BCF    1F.3
0021:  MOVLW  07
0022:  MOVWF  1C
0023:  BCF    03.7
.................... { 
....................    set_tris_b(0x00); 
0024:  MOVLW  00
0025:  MOVWF  06
....................    while(TRUE) 
....................    { 
....................       output_high(pin_b0); 
0026:  BCF    06.0
0027:  BCF    03.5
0028:  BSF    06.0
....................       delay_ms(1000); 
0029:  MOVLW  04
002A:  MOVWF  21
002B:  MOVLW  FA
002C:  MOVWF  22
002D:  CALL   004
002E:  DECFSZ 21,F
002F:  GOTO   02B
....................       output_low(pin_b0); 
0030:  BSF    03.5
0031:  BCF    06.0
0032:  BCF    03.5
0033:  BCF    06.0
....................       delay_ms(1000); 
0034:  MOVLW  04
0035:  MOVWF  21
0036:  MOVLW  FA
0037:  MOVWF  22
0038:  CALL   004
0039:  DECFSZ 21,F
003A:  GOTO   036
....................       output_high(pin_b1); 
003B:  BSF    03.5
003C:  BCF    06.1
003D:  BCF    03.5
003E:  BSF    06.1
....................       delay_ms(1000); 
003F:  MOVLW  04
0040:  MOVWF  21
0041:  MOVLW  FA
0042:  MOVWF  22
0043:  CALL   004
0044:  DECFSZ 21,F
0045:  GOTO   041
....................       output_low(pin_b1); 
0046:  BSF    03.5
0047:  BCF    06.1
0048:  BCF    03.5
0049:  BCF    06.1
....................       delay_ms(1000); 
004A:  MOVLW  04
004B:  MOVWF  21
004C:  MOVLW  FA
004D:  MOVWF  22
004E:  CALL   004
004F:  DECFSZ 21,F
0050:  GOTO   04C
0051:  BSF    03.5
0052:  GOTO   026
....................    } 
....................  
.................... } 
0053:  SLEEP

Configuration Fuses:
   Word  1: 3F39   XT NOWDT NOPUT NOBROWNOUT NOLVP NOCPD NOWRT NODEBUG NOPROTECT
