
ROM used:   172/8192 (2%)
            172/8192 (2%) including unused fragments

            0.2 Average locations per line
            13.2 Average locations per statement

RAM used:   8/368 (2%) at main() level
            12/368 (3%) worst case

Stack used: 1 worst case (1 in main + 0 for interrupts)
Stack size: 8

Lines Stmts  %   Files
----- ----- ---  -----
   26    13 100  main.c
  671     0   0  ..\..\..\..\Program Files\PICC\Devices\16f877a.h
----- -----
  697    13 Total

Page ROM  %  RAM   Vol Diff  Functions:
---- --- --- ---   --- ----  ----------
0     21  12    1             @delay_ms1
0     12   7    0             @const621
0    103  60    1   388  4.7  main
0     32  19    6             @WRITEBITA
 Inline         0             @cinit1

Program metrics:
    Functions               1
    Statements              13
    Comments                119
    Volume (V)              398
    Difficulty (D)          4.2
    Effort to implement (E) 1657
    Time to implement (T)   2 minutes
    Est Delivered Bugs (B)  0
    Cyclomatic Complexity   3
    Maintainability (MI)    51

 Segment     Used  Free
-----------  ----  ----
00000-00003     4  0  
00004-007FF   168  1876  
00800-00FFF     0  2048  
01000-017FF     0  2048  
01800-01FFF     0  2048  



