
ROM used:   235/8192 (3%)
            235/8192 (3%) including unused fragments

            0.3 Average locations per line
            6.2 Average locations per statement

RAM used:   40/368 (11%) at main() level
            47/368 (13%) worst case

Stack used: 3 worst case (3 in main + 0 for interrupts)
Stack size: 8

Lines Stmts  %   Files
----- ----- ---  -----
   60    38 100  main.c
   10     0   0  main.h
  671     0   0  ..\..\..\..\..\Program Files\PICC\Devices\16F877A.h
----- -----
  741    38 Total

Page ROM  %  RAM   Vol Diff  Functions:
---- --- --- ---   --- ----  ----------
 Inline         1             @delay_ms1
0     28  12    1   240  3.5  sutunsec
0      9   4    0             @goto10566
0     59  25    7   375  4.4  matris_karakter_gonder
0    135  57    0   494  2.4  MAIN
 Inline         0             @cinit1

Program metrics:
    Functions               3
    Statements              38
    Comments                119
    Volume (V)              1447
    Difficulty (D)          10.1
    Effort to implement (E) 14563
    Time to implement (T)   13 minutes
    Est Delivered Bugs (B)  0
    Cyclomatic Complexity   8
    Maintainability (MI)    81

 Segment     Used  Free
-----------  ----  ----
00000-00003     4  0  
00004-007FF   231  1813  
00800-00FFF     0  2048  
01000-017FF     0  2048  
01800-01FFF     0  2048  



