CCS PCM C Compiler, Version 5.015, 5967               07-Haz-18 22:28

               Filename:   D:\Google Drive\Workspace\CCS-C\quiz\q2\Source\main.lst

               ROM used:   49 words (2%)
                           Largest free fragment is 1999
               RAM used:   6 (3%) at main() level
                           7 (3%) worst case
               Stack used: 1 locations
               Stack size: 8

*
0000:  MOVLW  00
0001:  MOVWF  0A
0002:  GOTO   019
0003:  NOP
.................... #include <16f628a.h> 
.................... //////////// Standard Header file for the PIC16F628A device //////////////// 
.................... /////////////////////////////////////////////////////////////////////////// 
.................... ////        (C) Copyright 1996, 2013 Custom Computer Services          //// 
.................... //// This source code may only be used by licensed users of the CCS C  //// 
.................... //// compiler.  This source code may only be distributed to other      //// 
.................... //// licensed users of the CCS C compiler.  No other use, reproduction //// 
.................... //// or distribution is permitted without written permission.          //// 
.................... //// Derivative programs created using this software in object code    //// 
.................... //// form are not restricted in any way.                               //// 
.................... /////////////////////////////////////////////////////////////////////////// 
.................... #device PIC16F628A 
....................  
.................... #list 
....................  
.................... #fuses XT, NOWDT, NOLVP, NOPROTECT 
.................... #use delay(clock = 4M) 
0004:  MOVLW  22
0005:  MOVWF  04
0006:  BCF    03.7
0007:  MOVF   00,W
0008:  BTFSC  03.2
0009:  GOTO   018
000A:  MOVLW  01
000B:  MOVWF  78
000C:  CLRF   77
000D:  DECFSZ 77,F
000E:  GOTO   00D
000F:  DECFSZ 78,F
0010:  GOTO   00C
0011:  MOVLW  4A
0012:  MOVWF  77
0013:  DECFSZ 77,F
0014:  GOTO   013
0015:  GOTO   016
0016:  DECFSZ 00,F
0017:  GOTO   00A
0018:  GOTO   02D (RETURN)
....................  
.................... void main() { 
0019:  MOVF   03,W
001A:  ANDLW  1F
001B:  MOVWF  03
001C:  MOVLW  07
001D:  MOVWF  1F
001E:  BCF    03.7
001F:  CLRF   21
....................     int sayac = 0; 
....................     for(sayac = 0; sayac < 100; sayac++) { 
0020:  CLRF   21
0021:  MOVF   21,W
0022:  SUBLW  63
0023:  BTFSS  03.0
0024:  GOTO   02F
....................         /* 
....................         output_high(pin_b0); 
....................         delay_ms(250); 
....................         output_low(pin_b0); 
....................         delay_ms(250); 
....................         */ 
....................         output_toggle(pin_b0); 
0025:  BSF    03.5
0026:  BCF    06.0
0027:  MOVLW  01
0028:  BCF    03.5
0029:  XORWF  06,F
....................         delay_ms(20); 
002A:  MOVLW  14
002B:  MOVWF  22
002C:  GOTO   004
002D:  INCF   21,F
002E:  GOTO   021
....................     } 
....................     sleep(); 
002F:  SLEEP
.................... } 
0030:  SLEEP

Configuration Fuses:
   Word  1: 3F61   NOWDT PUT XT MCLR BROWNOUT NOLVP NOCPD NOPROTECT
