
ROM used:   49/2048 (2%)
            49/2048 (2%) including unused fragments

            0.1 Average locations per line
            9.8 Average locations per statement

RAM used:   6/224 (3%) at main() level
            7/224 (3%) worst case

Stack used: 1 worst case (1 in main + 0 for interrupts)
Stack size: 8

Lines Stmts  %   Files
----- ----- ---  -----
   19     5 100  main.c
  518     0   0  ..\..\..\..\..\..\Program Files\PICC\Devices\16f628a.h
----- -----
  537     5 Total

Page ROM  %  RAM   Vol Diff  Functions:
---- --- --- ---   --- ----  ----------
0     21  43    1             @delay_ms1
0     24  49    1   138  3.0  main
 Inline         0             @cinit1

Program metrics:
    Functions               1
    Statements              5
    Comments                107
    Volume (V)              142
    Difficulty (D)          2.7
    Effort to implement (E) 380
    Time to implement (T)   0 minutes
    Est Delivered Bugs (B)  0
    Cyclomatic Complexity   1
    Maintainability (MI)    103

 Segment     Used  Free
-----------  ----  ----
00000-00003     4  0  
00004-007FF    45  1999  



