CCS PCM C Compiler, Version 5.015, 5967               10-May-18 16:27

               Filename:   D:\Google Drive\Workspace\CCS-C\newProject\main.lst

               ROM used:   39 words (2%)
                           Largest free fragment is 2009
               RAM used:   5 (2%) at main() level
                           6 (3%) worst case
               Stack used: 0 locations
               Stack size: 8

*
0000:  MOVLW  00
0001:  MOVWF  0A
0002:  GOTO   004
0003:  NOP
.................... #include <16F628A.h> 
.................... //////////// Standard Header file for the PIC16F628A device //////////////// 
.................... /////////////////////////////////////////////////////////////////////////// 
.................... ////        (C) Copyright 1996, 2013 Custom Computer Services          //// 
.................... //// This source code may only be used by licensed users of the CCS C  //// 
.................... //// compiler.  This source code may only be distributed to other      //// 
.................... //// licensed users of the CCS C compiler.  No other use, reproduction //// 
.................... //// or distribution is permitted without written permission.          //// 
.................... //// Derivative programs created using this software in object code    //// 
.................... //// form are not restricted in any way.                               //// 
.................... /////////////////////////////////////////////////////////////////////////// 
.................... #device PIC16F628A 
....................  
.................... #list 
....................  
....................  
.................... #FUSES NOWDT                    //No Watch Dog Timer 
.................... #FUSES NOBROWNOUT               //No brownout reset 
.................... #FUSES NOLVP                    //No low voltage prgming, B3(PIC16) or B5(PIC18) used for I/O 
....................  
.................... #use delay(crystal=16MHz) 
....................  
....................  
....................  
.................... void main() 
0004:  MOVF   03,W
0005:  ANDLW  1F
0006:  MOVWF  03
0007:  MOVLW  07
0008:  MOVWF  1F
0009:  BCF    03.7
.................... { 
....................    set_tris_b(0b00001000); 
000A:  MOVLW  08
000B:  BSF    03.5
000C:  MOVWF  06
....................    output_b(0x00); 
000D:  CLRF   06
000E:  BCF    03.5
000F:  CLRF   06
....................    int butonDurum; 
....................    while(1) 
....................    { 
....................       butonDurum = input(pin_b3); 
0010:  BSF    03.5
0011:  BSF    06.3
0012:  BCF    03.5
0013:  CLRF   21
0014:  BTFSC  06.3
0015:  INCF   21,F
....................       if(butonDurum == 0) { 
0016:  MOVF   21,F
0017:  BTFSS  03.2
0018:  GOTO   021
....................          while(butonDurum != 0) ;  
0019:  MOVF   21,F
001A:  BTFSS  03.2
001B:  GOTO   019
....................          output_high(pin_b7); 
001C:  BSF    03.5
001D:  BCF    06.7
001E:  BCF    03.5
001F:  BSF    06.7
....................       } 
0020:  GOTO   025
....................       else { 
....................          output_low(pin_b7); 
0021:  BSF    03.5
0022:  BCF    06.7
0023:  BCF    03.5
0024:  BCF    06.7
....................       } 
0025:  GOTO   010
....................    } 
.................... } 
....................  
0026:  SLEEP

Configuration Fuses:
   Word  1: 3F22   NOWDT PUT HS MCLR NOBROWNOUT NOLVP NOCPD NOPROTECT
