
ROM used:   39/2048 (2%)
            39/2048 (2%) including unused fragments

            0.1 Average locations per line
            3.0 Average locations per statement

RAM used:   5/224 (2%) at main() level
            6/224 (3%) worst case

Stack used: 0 worst case (0 in main + 0 for interrupts)
Stack size: 8

Lines Stmts  %   Files
----- ----- ---  -----
   29    13 100  main.c
  518     0   0  ..\..\..\..\Program Files\PICC\Devices\16F628A.h
----- -----
  547    13 Total

Page ROM  %  RAM   Vol Diff  Functions:
---- --- --- ---   --- ----  ----------
0     35  90    0   219  4.0  main
 Inline         0   482  5.2  @cinit1

Program metrics:
    Functions               2
    Statements              13
    Comments                101
    Volume (V)              822
    Difficulty (D)          9.3
    Effort to implement (E) 7671
    Time to implement (T)   7 minutes
    Est Delivered Bugs (B)  0
    Cyclomatic Complexity   3
    Maintainability (MI)    59

 Segment     Used  Free
-----------  ----  ----
00000-00003     4  0  
00004-007FF    35  2009  



